\BOOKMARK [0][-]{chapter.1}{\376\377\000I\000n\000t\000r\000o\000d\000u\000c\000c\000i\000\363\000n}{}% 1
\BOOKMARK [1][-]{section.1.1}{\376\377\000C\000o\000n\000t\000e\000x\000t\000o\000\040\000c\000l\000\355\000n\000i\000c\000o\000\040\000y\000\040\000m\000o\000t\000i\000v\000a\000c\000i\000\363\000n}{chapter.1}% 2
\BOOKMARK [1][-]{section.1.2}{\376\377\000P\000l\000a\000n\000t\000e\000a\000m\000i\000e\000n\000t\000o\000\040\000d\000e\000l\000\040\000p\000r\000o\000b\000l\000e\000m\000a}{chapter.1}% 3
\BOOKMARK [1][-]{section.1.3}{\376\377\000D\000e\000\040\000l\000a\000\040\000h\000i\000p\000\363\000t\000e\000s\000i\000s\000\040\000c\000l\000\355\000n\000i\000c\000a\000\040\000i\000n\000i\000c\000i\000a\000l\000\040\000a\000\040\000l\000a\000\040\000a\000u\000d\000i\000t\000o\000r\000\355\000a\000\040\000m\000e\000t\000o\000d\000o\000l\000\363\000g\000i\000c\000a\000\040\000d\000e\000l\000\040\000m\000o\000d\000e\000l\000o}{chapter.1}% 4
\BOOKMARK [1][-]{section.1.4}{\376\377\000O\000b\000j\000e\000t\000i\000v\000o\000s\000\040\000y\000\040\000c\000o\000n\000t\000r\000i\000b\000u\000c\000i\000o\000n\000e\000s}{chapter.1}% 5
\BOOKMARK [1][-]{section.1.5}{\376\377\000E\000s\000t\000r\000u\000c\000t\000u\000r\000a\000\040\000d\000e\000\040\000l\000a\000\040\000m\000e\000m\000o\000r\000i\000a}{chapter.1}% 6
\BOOKMARK [0][-]{chapter.2}{\376\377\000O\000b\000j\000e\000t\000i\000v\000o\000s}{}% 7
\BOOKMARK [1][-]{section.2.1}{\376\377\000O\000b\000j\000e\000t\000i\000v\000o\000\040\000g\000e\000n\000e\000r\000a\000l}{chapter.2}% 8
\BOOKMARK [1][-]{section.2.2}{\376\377\000O\000b\000j\000e\000t\000i\000v\000o\000s\000\040\000e\000s\000p\000e\000c\000\355\000f\000i\000c\000o\000s}{chapter.2}% 9
\BOOKMARK [0][-]{chapter.3}{\376\377\000E\000s\000t\000a\000d\000o\000\040\000d\000e\000l\000\040\000a\000r\000t\000e}{}% 10
\BOOKMARK [1][-]{section.3.1}{\376\377\000D\000i\000a\000g\000n\000\363\000s\000t\000i\000c\000o\000\040\000p\000o\000r\000\040\000i\000m\000a\000g\000e\000n\000\040\000d\000e\000\040\000m\000a\000s\000a\000s\000\040\000t\000u\000m\000o\000r\000a\000l\000e\000s\000\040\000i\000n\000t\000r\000a\000c\000r\000a\000n\000e\000a\000l\000e\000s}{chapter.3}% 11
\BOOKMARK [2][-]{subsection.3.1.1}{\376\377\000R\000e\000l\000e\000v\000a\000n\000c\000i\000a\000\040\000c\000l\000\355\000n\000i\000c\000a\000\040\000d\000e\000\040\000l\000a\000s\000\040\000m\000a\000s\000a\000s\000\040\000t\000u\000m\000o\000r\000a\000l\000e\000s\000\040\000i\000n\000t\000r\000a\000c\000r\000a\000n\000e\000a\000l\000e\000s}{section.3.1}% 12
\BOOKMARK [2][-]{subsection.3.1.2}{\376\377\000C\000o\000m\000p\000l\000e\000j\000i\000d\000a\000d\000\040\000d\000i\000a\000g\000n\000\363\000s\000t\000i\000c\000a\000\040\000y\000\040\000n\000e\000c\000e\000s\000i\000d\000a\000d\000\040\000d\000e\000\040\000i\000d\000e\000n\000t\000i\000f\000i\000c\000a\000c\000i\000\363\000n\000\040\000t\000e\000m\000p\000r\000a\000n\000a}{section.3.1}% 13
\BOOKMARK [1][-]{section.3.2}{\376\377\000R\000M\000\040\000c\000e\000r\000e\000b\000r\000a\000l\000\040\000y\000\040\000l\000i\000m\000i\000t\000a\000c\000i\000o\000n\000e\000s\000\040\000d\000e\000l\000\040\000d\000i\000a\000g\000n\000\363\000s\000t\000i\000c\000o\000\040\000r\000a\000d\000i\000o\000l\000\363\000g\000i\000c\000o}{chapter.3}% 14
\BOOKMARK [2][-]{subsection.3.2.1}{\376\377\000P\000a\000p\000e\000l\000\040\000d\000e\000\040\000l\000a\000\040\000r\000e\000s\000o\000n\000a\000n\000c\000i\000a\000\040\000m\000a\000g\000n\000\351\000t\000i\000c\000a\000\040\000e\000n\000\040\000n\000e\000u\000r\000o\000o\000n\000c\000o\000l\000o\000g\000\355\000a}{section.3.2}% 15
\BOOKMARK [2][-]{subsection.3.2.2}{\376\377\000I\000n\000f\000o\000r\000m\000a\000c\000i\000\363\000n\000\040\000v\000i\000s\000u\000a\000l\000\040\000r\000e\000l\000e\000v\000a\000n\000t\000e\000\040\000y\000\040\000d\000i\000f\000i\000c\000u\000l\000t\000a\000d\000\040\000d\000e\000\040\000i\000n\000t\000e\000r\000p\000r\000e\000t\000a\000c\000i\000\363\000n}{section.3.2}% 16
\BOOKMARK [2][-]{subsection.3.2.3}{\376\377\000L\000i\000m\000i\000t\000a\000c\000i\000o\000n\000e\000s\000\040\000d\000e\000l\000\040\000d\000i\000a\000g\000n\000\363\000s\000t\000i\000c\000o\000\040\000r\000a\000d\000i\000o\000l\000\363\000g\000i\000c\000o\000\040\000y\000\040\000p\000a\000p\000e\000l\000\040\000d\000e\000l\000\040\000r\000a\000d\000i\000\363\000l\000o\000g\000o}{section.3.2}% 17
\BOOKMARK [1][-]{section.3.3}{\376\377\000D\000e\000e\000p\000\040\000L\000e\000a\000r\000n\000i\000n\000g\000\040\000e\000n\000\040\000i\000m\000a\000g\000e\000n\000\040\000m\000\351\000d\000i\000c\000a}{chapter.3}% 18
\BOOKMARK [2][-]{subsection.3.3.1}{\376\377\000F\000u\000n\000d\000a\000m\000e\000n\000t\000o\000s\000\040\000y\000\040\000a\000p\000l\000i\000c\000a\000c\000i\000o\000n\000e\000s\000\040\000g\000e\000n\000e\000r\000a\000l\000e\000s}{section.3.3}% 19
\BOOKMARK [2][-]{subsection.3.3.2}{\376\377\000S\000i\000s\000t\000e\000m\000a\000s\000\040\000d\000e\000\040\000a\000p\000o\000y\000o\000\040\000a\000l\000\040\000d\000i\000a\000g\000n\000\363\000s\000t\000i\000c\000o}{section.3.3}% 20
\BOOKMARK [1][-]{section.3.4}{\376\377\000D\000e\000e\000p\000\040\000L\000e\000a\000r\000n\000i\000n\000g\000\040\000a\000p\000l\000i\000c\000a\000d\000o\000\040\000a\000\040\000R\000M\000\040\000c\000e\000r\000e\000b\000r\000a\000l\000:\000\040\000e\000n\000f\000o\000q\000u\000e\000s\000,\000\040\000d\000a\000t\000a\000s\000e\000t\000s\000\040\000y\000\040\000r\000e\000t\000o\000s\000\040\000d\000e\000\040\000g\000e\000n\000e\000r\000a\000l\000i\000z\000a\000c\000i\000\363\000n}{chapter.3}% 21
\BOOKMARK [2][-]{subsection.3.4.1}{\376\377\000P\000r\000i\000n\000c\000i\000p\000a\000l\000e\000s\000\040\000e\000n\000f\000o\000q\000u\000e\000s\000:\000\040\000s\000e\000g\000m\000e\000n\000t\000a\000c\000i\000\363\000n\000,\000\040\000c\000l\000a\000s\000i\000f\000i\000c\000a\000c\000i\000\363\000n\000\040\000y\000\040\000t\000a\000r\000e\000a\000s\000\040\000r\000e\000l\000a\000c\000i\000o\000n\000a\000d\000a\000s}{section.3.4}% 22
\BOOKMARK [2][-]{subsection.3.4.2}{\376\377\000D\000a\000t\000a\000s\000e\000t\000s\000\040\000p\000\372\000b\000l\000i\000c\000o\000s\000\040\000y\000\040\000r\000e\000t\000o\000s\000\040\000d\000e\000\040\000g\000e\000n\000e\000r\000a\000l\000i\000z\000a\000c\000i\000\363\000n}{section.3.4}% 23
\BOOKMARK [1][-]{section.3.5}{\376\377\000S\000e\000s\000g\000o\000\040\000d\000e\000\040\000d\000o\000m\000i\000n\000i\000o\000,\000\040\000s\000h\000o\000r\000t\000c\000u\000t\000\040\000l\000e\000a\000r\000n\000i\000n\000g\000\040\000y\000\040\000f\000u\000g\000a\000s\000\040\000d\000e\000\040\000i\000n\000f\000o\000r\000m\000a\000c\000i\000\363\000n\000\040\000e\000n\000\040\000D\000e\000e\000p\000\040\000L\000e\000a\000r\000n\000i\000n\000g\000\040\000m\000\351\000d\000i\000c\000o}{chapter.3}% 24
\BOOKMARK [2][-]{subsection.3.5.1}{\376\377\000A\000p\000r\000e\000n\000d\000i\000z\000a\000j\000e\000\040\000p\000o\000r\000\040\000a\000t\000a\000j\000o\000s\000\040\000y\000\040\000c\000o\000r\000r\000e\000l\000a\000c\000i\000o\000n\000e\000s\000\040\000e\000s\000p\000u\000r\000i\000a\000s}{section.3.5}% 25
\BOOKMARK [2][-]{subsection.3.5.2}{\376\377\000E\000f\000e\000c\000t\000o\000s\000\040\000d\000e\000\040\000e\000s\000c\000\341\000n\000e\000r\000\040\000y\000\040\000c\000a\000m\000b\000i\000o\000\040\000d\000e\000\040\000d\000o\000m\000i\000n\000i\000o}{section.3.5}% 26
\BOOKMARK [2][-]{subsection.3.5.3}{\376\377\000F\000u\000g\000a\000s\000\040\000d\000e\000\040\000i\000n\000f\000o\000r\000m\000a\000c\000i\000\363\000n\000\040\000y\000\040\000v\000a\000l\000i\000d\000e\000z\000\040\000e\000x\000p\000e\000r\000i\000m\000e\000n\000t\000a\000l}{section.3.5}% 27
\BOOKMARK [1][-]{section.3.6}{\376\377\000S\000i\000s\000t\000e\000m\000a\000s\000\040\000d\000e\000\040\000p\000r\000i\000o\000r\000i\000z\000a\000c\000i\000\363\000n\000/\000t\000r\000i\000a\000j\000e\000\040\000e\000n\000\040\000r\000a\000d\000i\000o\000l\000o\000g\000\355\000a}{chapter.3}% 28
\BOOKMARK [0][-]{chapter.4}{\376\377\000M\000a\000t\000e\000r\000i\000a\000l\000e\000s\000\040\000y\000\040\000d\000a\000t\000o\000s}{}% 29
\BOOKMARK [1][-]{section.4.1}{\376\377\000D\000a\000t\000a\000s\000e\000t\000s\000:\000\040\000B\000r\000a\000T\000S\000,\000\040\000U\000P\000E\000N\000N\000-\000G\000B\000M\000,\000\040\000I\000X\000I\000,\000\040\000N\000K\000I\000\040\000R\000o\000c\000k\000l\000a\000n\000d\000\040\000y\000\040\000B\000T\000C\000\137\000p\000r\000e\000o\000p}{chapter.4}% 30
\BOOKMARK [1][-]{section.4.2}{\376\377\000D\000e\000f\000i\000n\000i\000c\000i\000\363\000n\000\040\000d\000e\000\040\000c\000l\000a\000s\000e\000s\000\040\000y\000\040\000e\000t\000i\000q\000u\000e\000t\000a\000d\000o}{chapter.4}% 31
\BOOKMARK [1][-]{section.4.3}{\376\377\000C\000o\000m\000p\000o\000s\000i\000c\000i\000\363\000n\000\040\000d\000e\000l\000\040\000p\000r\000o\000b\000l\000e\000m\000a\000:\000\040\000r\000e\000l\000a\000c\000i\000\363\000n\000\040\000e\000n\000t\000r\000e\000\040\000c\000l\000a\000s\000e\000\040\000y\000\040\000d\000a\000t\000a\000s\000e\000t\000\040\000d\000e\000\040\000o\000r\000i\000g\000e\000n}{chapter.4}% 32
\BOOKMARK [1][-]{section.4.4}{\376\377\000S\000e\000l\000e\000c\000c\000i\000\363\000n\000\040\000d\000e\000\040\000m\000o\000d\000a\000l\000i\000d\000a\000d\000e\000s\000\040\000T\0001\000/\000T\0002}{chapter.4}% 33
\BOOKMARK [1][-]{section.4.5}{\376\377\000A\000n\000\341\000l\000i\000s\000i\000s\000\040\000e\000x\000p\000l\000o\000r\000a\000t\000o\000r\000i\000o\000\040\000d\000e\000\040\000l\000o\000s\000\040\000d\000a\000t\000o\000s}{chapter.4}% 34
\BOOKMARK [2][-]{subsection.4.5.1}{\376\377\000P\000r\000e\000p\000r\000o\000c\000e\000s\000a\000d\000o\000\040\000c\000o\000m\000\372\000n}{section.4.5}% 35
\BOOKMARK [2][-]{subsection.4.5.2}{\376\377\000D\000i\000s\000t\000r\000i\000b\000u\000c\000i\000\363\000n\000\040\000d\000e\000\040\000i\000n\000t\000e\000n\000s\000i\000d\000a\000d\000e\000s\000\040\000p\000o\000r\000\040\000d\000a\000t\000a\000s\000e\000t}{section.4.5}% 36
\BOOKMARK [0][-]{chapter.5}{\376\377\000M\000e\000t\000o\000d\000o\000l\000o\000g\000\355\000a}{}% 37
\BOOKMARK [1][-]{section.5.1}{\376\377\000P\000r\000e\000p\000r\000o\000c\000e\000s\000a\000d\000o\000\040\000h\000o\000m\000o\000g\000\351\000n\000e\000o}{chapter.5}% 38
\BOOKMARK [1][-]{section.5.2}{\376\377\000A\000r\000q\000u\000i\000t\000e\000c\000t\000u\000r\000a\000\040\000d\000e\000l\000\040\000m\000o\000d\000e\000l\000o\000\040\000C\000N\000N\000\040\0003\000D}{chapter.5}% 39
\BOOKMARK [1][-]{section.5.3}{\376\377\000F\000u\000n\000c\000i\000\363\000n\000\040\000d\000e\000\040\000p\000\351\000r\000d\000i\000d\000a\000,\000\040\000o\000p\000t\000i\000m\000i\000z\000a\000c\000i\000\363\000n\000\040\000e\000\040\000h\000i\000p\000e\000r\000p\000a\000r\000\341\000m\000e\000t\000r\000o\000s}{chapter.5}% 40
\BOOKMARK [1][-]{section.5.4}{\376\377\000A\000u\000m\000e\000n\000t\000o\000\040\000d\000e\000\040\000d\000a\000t\000o\000s}{chapter.5}% 41
\BOOKMARK [1][-]{section.5.5}{\376\377\000E\000s\000t\000r\000a\000t\000e\000g\000i\000a\000\040\000d\000e\000\040\000p\000a\000r\000t\000i\000c\000i\000\363\000n\000\040\000a\000\040\000n\000i\000v\000e\000l\000\040\000d\000e\000\040\000s\000u\000j\000e\000t\000o}{chapter.5}% 42
\BOOKMARK [1][-]{section.5.6}{\376\377\000E\000n\000t\000o\000r\000n\000o\000\040\000c\000o\000m\000p\000u\000t\000a\000c\000i\000o\000n\000a\000l\000\040\000y\000\040\000h\000e\000r\000r\000a\000m\000i\000e\000n\000t\000a\000s}{chapter.5}% 43
\BOOKMARK [0][-]{chapter.6}{\376\377\000D\000i\000s\000e\000\361\000o\000\040\000e\000x\000p\000e\000r\000i\000m\000e\000n\000t\000a\000l\000\040\000y\000\040\000p\000r\000o\000t\000o\000c\000o\000l\000o\000\040\000d\000e\000\040\000v\000a\000l\000i\000d\000a\000c\000i\000\363\000n}{}% 44
\BOOKMARK [1][-]{section.6.1}{\376\377\000M\000\351\000t\000r\000i\000c\000a\000s\000\040\000d\000e\000\040\000e\000v\000a\000l\000u\000a\000c\000i\000\363\000n\000\040\000y\000\040\000a\000n\000\341\000l\000i\000s\000i\000s\000\040\000o\000p\000e\000r\000a\000t\000i\000v\000o}{chapter.6}% 45
\BOOKMARK [1][-]{section.6.2}{\376\377\000V\000a\000l\000i\000d\000a\000c\000i\000\363\000n\000\040\000i\000n\000t\000e\000r\000n\000a\000\040\000s\000o\000b\000r\000e\000\040\000e\000l\000\040\000p\000o\000o\000l\000\040\000m\000u\000l\000t\000i\000-\000f\000u\000e\000n\000t\000e}{chapter.6}% 46
\BOOKMARK [1][-]{section.6.3}{\376\377\000P\000r\000o\000t\000o\000c\000o\000l\000o\000\040\000d\000e\000\040\000a\000u\000d\000i\000t\000o\000r\000\355\000a\000\040\000d\000e\000\040\000v\000a\000l\000i\000d\000e\000z\000\040\000e\000x\000p\000e\000r\000i\000m\000e\000n\000t\000a\000l}{chapter.6}% 47
\BOOKMARK [1][-]{section.6.4}{\376\377\000B\000a\000s\000e\000l\000i\000n\000e\000\040\000t\000r\000i\000v\000i\000a\000l\000\040\000s\000o\000b\000r\000e\000\040\000e\000s\000t\000a\000d\000\355\000s\000t\000i\000c\000o\000s\000\040\000d\000e\000\040\000i\000n\000t\000e\000n\000s\000i\000d\000a\000d}{chapter.6}% 48
\BOOKMARK [2][-]{subsection.6.4.1}{\376\377\000V\000e\000r\000i\000f\000i\000c\000a\000c\000i\000o\000n\000e\000s\000\040\000c\000o\000m\000p\000l\000e\000m\000e\000n\000t\000a\000r\000i\000a\000s\000\040\000d\000e\000\040\000f\000u\000g\000a}{section.6.4}% 49
\BOOKMARK [1][-]{section.6.5}{\376\377\000V\000a\000l\000i\000d\000a\000c\000i\000\363\000n\000\040\000c\000r\000u\000z\000a\000d\000a\000\040\000p\000o\000r\000\040\000d\000o\000m\000i\000n\000i\000o\000\040\000l\000e\000a\000v\000e\000-\000o\000n\000e\000-\000d\000a\000t\000a\000s\000e\000t\000-\000o\000u\000t}{chapter.6}% 50
\BOOKMARK [1][-]{section.6.6}{\376\377\000V\000a\000l\000i\000d\000a\000c\000i\000\363\000n\000\040\000i\000n\000t\000r\000a\000-\000d\000o\000m\000i\000n\000i\000o\000\040\000B\000T\000C\000\137\000p\000r\000e\000o\000p}{chapter.6}% 51
\BOOKMARK [1][-]{section.6.7}{\376\377\000A\000n\000\341\000l\000i\000s\000i\000s\000\040\000d\000e\000l\000\040\000e\000s\000p\000a\000c\000i\000o\000\040\000l\000a\000t\000e\000n\000t\000e\000\040\000e\000\040\000i\000n\000t\000e\000r\000p\000r\000e\000t\000a\000b\000i\000l\000i\000d\000a\000d}{chapter.6}% 52
\BOOKMARK [0][-]{chapter.7}{\376\377\000R\000e\000s\000u\000l\000t\000a\000d\000o\000s\000:\000\040\000a\000n\000\341\000l\000i\000s\000i\000s\000\040\000p\000r\000o\000g\000r\000e\000s\000i\000v\000o\000\040\000d\000e\000\040\000v\000a\000l\000i\000d\000e\000z\000\040\000d\000e\000l\000\040\000r\000e\000n\000d\000i\000m\000i\000e\000n\000t\000o\000\040\000a\000p\000a\000r\000e\000n\000t\000e}{}% 53
\BOOKMARK [1][-]{section.7.1}{\376\377\000R\000e\000n\000d\000i\000m\000i\000e\000n\000t\000o\000\040\000a\000p\000a\000r\000e\000n\000t\000e\000\040\000e\000n\000\040\000e\000l\000\040\000p\000o\000o\000l\000\040\000m\000u\000l\000t\000i\000-\000f\000u\000e\000n\000t\000e}{chapter.7}% 54
\BOOKMARK [1][-]{section.7.2}{\376\377\000D\000e\000c\000o\000d\000i\000f\000i\000c\000a\000b\000i\000l\000i\000d\000a\000d\000\040\000t\000r\000i\000v\000i\000a\000l\000\040\000d\000e\000\040\000l\000a\000\040\000e\000t\000i\000q\000u\000e\000t\000a}{chapter.7}% 55
\BOOKMARK [1][-]{section.7.3}{\376\377\000I\000d\000e\000n\000t\000i\000f\000i\000c\000a\000b\000i\000l\000i\000d\000a\000d\000\040\000d\000e\000l\000\040\000d\000o\000m\000i\000n\000i\000o}{chapter.7}% 56
\BOOKMARK [1][-]{section.7.4}{\376\377\000G\000e\000n\000e\000r\000a\000l\000i\000z\000a\000c\000i\000\363\000n\000\040\000f\000u\000e\000r\000a\000\040\000d\000e\000\040\000d\000o\000m\000i\000n\000i\000o\000\040\000L\000O\000D\000O}{chapter.7}% 57
\BOOKMARK [1][-]{section.7.5}{\376\377\000V\000a\000l\000i\000d\000a\000c\000i\000\363\000n\000\040\000i\000n\000t\000r\000a\000-\000d\000o\000m\000i\000n\000i\000o\000\040\000B\000T\000C\000\137\000p\000r\000e\000o\000p}{chapter.7}% 58
\BOOKMARK [1][-]{section.7.6}{\376\377\000E\000v\000i\000d\000e\000n\000c\000i\000a\000\040\000e\000n\000\040\000e\000l\000\040\000e\000s\000p\000a\000c\000i\000o\000\040\000l\000a\000t\000e\000n\000t\000e\000\040\000y\000\040\000m\000a\000p\000a\000s\000\040\000d\000e\000\040\000a\000t\000e\000n\000c\000i\000\363\000n}{chapter.7}% 59
\BOOKMARK [1][-]{section.7.7}{\376\377\000S\000\355\000n\000t\000e\000s\000i\000s\000\040\000c\000o\000n\000s\000o\000l\000i\000d\000a\000d\000a\000\040\000d\000e\000\040\000r\000e\000s\000u\000l\000t\000a\000d\000o\000s}{chapter.7}% 60
\BOOKMARK [0][-]{chapter.8}{\376\377\000D\000i\000s\000c\000u\000s\000i\000\363\000n}{}% 61
\BOOKMARK [1][-]{section.8.1}{\376\377\000I\000n\000t\000e\000r\000p\000r\000e\000t\000a\000c\000i\000\363\000n\000:\000\040\000c\000o\000n\000f\000o\000u\000n\000d\000\040\000e\000s\000t\000r\000u\000c\000t\000u\000r\000a\000l\000\040\000d\000o\000m\000i\000n\000i\000o\000-\000c\000l\000a\000s\000e}{chapter.8}% 62
\BOOKMARK [1][-]{section.8.2}{\376\377\000P\000o\000r\000\040\000q\000u\000\351\000\040\000l\000a\000s\000\040\000m\000\351\000t\000r\000i\000c\000a\000s\000\040\000c\000a\000s\000i\000\040\000p\000e\000r\000f\000e\000c\000t\000a\000s\000\040\000n\000o\000\040\000s\000o\000n\000\040\000e\000v\000i\000d\000e\000n\000c\000i\000a\000\040\000c\000l\000\355\000n\000i\000c\000a}{chapter.8}% 63
\BOOKMARK [1][-]{section.8.3}{\376\377\000V\000i\000a\000b\000i\000l\000i\000d\000a\000d\000\040\000y\000\040\000c\000o\000n\000d\000i\000c\000i\000o\000n\000e\000s\000\040\000p\000a\000r\000a\000\040\000u\000n\000\040\000t\000r\000i\000a\000j\000e\000\040\000r\000a\000d\000i\000o\000l\000\363\000g\000i\000c\000o\000\040\000v\000\341\000l\000i\000d\000o}{chapter.8}% 64
\BOOKMARK [1][-]{section.8.4}{\376\377\000C\000o\000m\000p\000a\000r\000a\000c\000i\000\363\000n\000\040\000c\000o\000n\000\040\000l\000a\000\040\000l\000i\000t\000e\000r\000a\000t\000u\000r\000a\000:\000\040\000s\000h\000o\000r\000t\000c\000u\000t\000\040\000l\000e\000a\000r\000n\000i\000n\000g\000,\000\040\000d\000a\000t\000a\000s\000e\000t\000\040\000b\000i\000a\000s\000\040\000y\000\040\000d\000o\000m\000a\000i\000n\000\040\000s\000h\000i\000f\000t}{chapter.8}% 65
\BOOKMARK [1][-]{section.8.5}{\376\377\000V\000a\000l\000i\000d\000e\000z\000\040\000m\000e\000t\000o\000d\000o\000l\000\363\000g\000i\000c\000a\000\040\000y\000\040\000r\000e\000p\000r\000o\000d\000u\000c\000i\000b\000i\000l\000i\000d\000a\000d}{chapter.8}% 66
\BOOKMARK [1][-]{section.8.6}{\376\377\000I\000m\000p\000l\000i\000c\000a\000c\000i\000o\000n\000e\000s\000\040\000p\000a\000r\000a\000\040\000e\000l\000\040\000d\000i\000s\000e\000\361\000o\000\040\000d\000e\000\040\000e\000s\000t\000u\000d\000i\000o\000s\000\040\000c\000o\000n\000\040\000d\000a\000t\000o\000s\000\040\000p\000\372\000b\000l\000i\000c\000o\000s\000\040\000m\000u\000l\000t\000i\000-\000f\000u\000e\000n\000t\000e}{chapter.8}% 67
\BOOKMARK [0][-]{chapter.9}{\376\377\000C\000o\000n\000c\000l\000u\000s\000i\000o\000n\000e\000s}{}% 68
\BOOKMARK [0][-]{chapter.10}{\376\377\000L\000i\000m\000i\000t\000a\000c\000i\000o\000n\000e\000s\000\040\000y\000\040\000l\000\355\000n\000e\000a\000s\000\040\000f\000u\000t\000u\000r\000a\000s}{}% 69
\BOOKMARK [1][-]{section.10.1}{\376\377\000L\000i\000m\000i\000t\000a\000c\000i\000o\000n\000e\000s\000\040\000d\000e\000l\000\040\000e\000s\000t\000u\000d\000i\000o}{chapter.10}% 70
\BOOKMARK [1][-]{section.10.2}{\376\377\000P\000r\000o\000p\000u\000e\000s\000t\000a\000s\000\040\000d\000e\000\040\000m\000e\000j\000o\000r\000a\000\040\000y\000\040\000l\000\355\000n\000e\000a\000s\000\040\000f\000u\000t\000u\000r\000a\000s}{chapter.10}% 71
\BOOKMARK [0][-]{appendix.Alph1}{\376\377\000D\000e\000t\000a\000l\000l\000e\000\040\000d\000e\000\040\000p\000r\000e\000p\000r\000o\000c\000e\000s\000a\000d\000o\000\040\000y\000\040\000c\000o\000n\000f\000i\000g\000u\000r\000a\000c\000i\000o\000n\000e\000s}{}% 72
\BOOKMARK [1][-]{section.Alph1.1}{\376\377\000P\000i\000p\000e\000l\000i\000n\000e\000\040\000d\000e\000\040\000p\000r\000e\000p\000r\000o\000c\000e\000s\000a\000d\000o}{appendix.Alph1}% 73
\BOOKMARK [1][-]{section.Alph1.2}{\376\377\000H\000i\000p\000e\000r\000p\000a\000r\000\341\000m\000e\000t\000r\000o\000s\000\040\000d\000e\000l\000\040\000e\000n\000t\000r\000e\000n\000a\000m\000i\000e\000n\000t\000o\000\040\000p\000r\000i\000n\000c\000i\000p\000a\000l\000\040\000\050\000p\000o\000o\000l\000\051}{appendix.Alph1}% 74
\BOOKMARK [1][-]{section.Alph1.3}{\376\377\000V\000a\000r\000i\000a\000n\000t\000e\000s\000:\000\040\000L\000O\000D\000O\000\040\000e\000\040\000i\000n\000t\000r\000a\000-\000d\000o\000m\000i\000n\000i\000o\000\040\000B\000T\000C}{appendix.Alph1}% 75
\BOOKMARK [1][-]{section.Alph1.4}{\376\377\000A\000u\000m\000e\000n\000t\000o\000\040\000d\000e\000\040\000d\000a\000t\000o\000s\000\040\000\050\000d\000e\000t\000a\000l\000l\000e\000\051}{appendix.Alph1}% 76
\BOOKMARK [0][-]{appendix.Alph2}{\376\377\000T\000a\000b\000l\000a\000\040\000m\000a\000e\000s\000t\000r\000a\000\040\000d\000e\000\040\000r\000e\000s\000u\000l\000t\000a\000d\000o\000s\000\040\000y\000\040\000d\000e\000t\000a\000l\000l\000e\000\040\000p\000o\000r\000\040\000f\000o\000l\000d}{}% 77
\BOOKMARK [1][-]{section.Alph2.1}{\376\377\000A\000r\000c\000o\000\040\000c\000o\000m\000p\000l\000e\000t\000o\000\040\000p\000o\000r\000\040\000r\000\351\000g\000i\000m\000e\000n}{appendix.Alph2}% 78
\BOOKMARK [1][-]{section.Alph2.2}{\376\377\000P\000o\000o\000l\000\040\000m\000u\000l\000t\000i\000-\000f\000u\000e\000n\000t\000e\000:\000\040\000d\000e\000t\000a\000l\000l\000e\000\040\000g\000l\000o\000b\000a\000l\000\040\000y\000\040\000p\000o\000r\000\040\000d\000a\000t\000a\000s\000e\000t}{appendix.Alph2}% 79
\BOOKMARK [1][-]{section.Alph2.3}{\376\377\000A\000u\000d\000i\000t\000o\000r\000\355\000a\000\040\000d\000e\000\040\000f\000u\000g\000a\000\040\000d\000e\000\040\000i\000n\000f\000o\000r\000m\000a\000c\000i\000\363\000n}{appendix.Alph2}% 80
\BOOKMARK [1][-]{section.Alph2.4}{\376\377\000V\000a\000l\000i\000d\000a\000c\000i\000\363\000n\000\040\000c\000r\000u\000z\000a\000d\000a\000\040\000p\000o\000r\000\040\000d\000o\000m\000i\000n\000i\000o\000\040\000\050\000L\000O\000D\000O\000\051}{appendix.Alph2}% 81
\BOOKMARK [1][-]{section.Alph2.5}{\376\377\000V\000a\000l\000i\000d\000a\000c\000i\000\363\000n\000\040\000i\000n\000t\000r\000a\000-\000d\000o\000m\000i\000n\000i\000o\000\040\000B\000T\000C\000:\000\040\000d\000e\000t\000a\000l\000l\000e\000\040\000p\000o\000r\000\040\000f\000o\000l\000d}{appendix.Alph2}% 82
\BOOKMARK [1][-]{section.Alph2.6}{\376\377\000E\000s\000p\000a\000c\000i\000o\000\040\000l\000a\000t\000e\000n\000t\000e\000:\000\040\000s\000i\000l\000h\000o\000u\000e\000t\000t\000e\000\040\000y\000\040\000s\000o\000n\000d\000a\000s\000\040\000i\000n\000t\000r\000a\000-\000c\000l\000a\000s\000e}{appendix.Alph2}% 83
\BOOKMARK [0][-]{appendix.Alph3}{\376\377\000F\000i\000g\000u\000r\000a\000s\000\040\000a\000d\000i\000c\000i\000o\000n\000a\000l\000e\000s}{}% 84
\BOOKMARK [1][-]{section.Alph3.1}{\376\377\000M\000a\000p\000a\000s\000\040\000d\000e\000\040\000a\000t\000e\000n\000c\000i\000\363\000n\000\040\000\050\000G\000r\000a\000d\000-\000C\000A\000M\000\051}{appendix.Alph3}% 85
\BOOKMARK [0][-]{appendix.Alph4}{\376\377\000R\000e\000p\000r\000o\000d\000u\000c\000i\000b\000i\000l\000i\000d\000a\000d\000:\000\040\000c\000o\000m\000a\000n\000d\000o\000s\000,\000\040\000s\000e\000e\000d\000s\000\040\000y\000\040\000e\000n\000t\000o\000r\000n\000o}{}% 86
\BOOKMARK [1][-]{section.Alph4.1}{\376\377\000C\000o\000m\000a\000n\000d\000o\000s\000\040\000p\000o\000r\000\040\000e\000t\000a\000p\000a}{appendix.Alph4}% 87
\BOOKMARK [1][-]{section.Alph4.2}{\376\377\000S\000e\000m\000i\000l\000l\000a\000s\000\040\000y\000\040\000b\000o\000o\000t\000s\000t\000r\000a\000p}{appendix.Alph4}% 88
\BOOKMARK [1][-]{section.Alph4.3}{\376\377\000E\000n\000t\000o\000r\000n\000o\000\040\000d\000e\000\040\000c\000\363\000m\000p\000u\000t\000o}{appendix.Alph4}% 89
\BOOKMARK [1][-]{section.Alph4.4}{\376\377\000E\000s\000t\000r\000u\000c\000t\000u\000r\000a\000\040\000d\000e\000l\000\040\000r\000e\000p\000o\000s\000i\000t\000o\000r\000i\000o}{appendix.Alph4}% 90
